<?xml version="1.0" encoding="UTF-8"?>
<robot generator="Robot 7.0.1 (Python 3.12.4 on win32)" generated="2024-12-22T10:51:46.290266" rpa="false" schemaversion="5">
<suite id="s1" name="TestCases" source="D:\AutomationLearning\RobotFramework\Project1\TestCases">
<suite id="s1-s1" name="TestCases" source="D:\AutomationLearning\RobotFramework\Project1\TestCases\TestCases.robot">
<test id="s1-s1-t1" name="Case1. Open Browser to launch url" line="13">
<kw name="Open Browser" owner="SeleniumLibrary">
<msg time="2024-12-22T10:51:47.870988" level="INFO">Opening browser 'Chrome' to base url 'https://www.guru99.com/'.</msg>
<arg>${LOGIN URL}</arg>
<arg>${BROWSER}</arg>
<doc>Opens a new browser instance to the optional ``url``.</doc>
<status status="PASS" start="2024-12-22T10:51:47.870988" elapsed="15.285799"/>
</kw>
<kw name="Maximize Browser Window" owner="SeleniumLibrary">
<doc>Maximizes current browser window.</doc>
<status status="PASS" start="2024-12-22T10:52:03.156787" elapsed="0.313546"/>
</kw>
<kw name="Sleep" owner="BuiltIn">
<msg time="2024-12-22T10:52:08.479391" level="INFO">Slept 5 seconds.</msg>
<arg>5s</arg>
<doc>Pauses the test executed for the given time.</doc>
<status status="PASS" start="2024-12-22T10:52:03.478336" elapsed="5.001055"/>
</kw>
<status status="PASS" start="2024-12-22T10:51:47.862437" elapsed="20.616954"/>
</test>
<test id="s1-s1-t2" name="Case2. Verify the Title" line="19">
<kw name="Element Should Be Visible" owner="SeleniumLibrary">
<msg time="2024-12-22T10:52:08.677293" level="INFO">Element '(//img[@class='custom-logo' and @alt='Guru99'])[1]' is displayed.</msg>
<arg>(//img[@class='custom-logo' and @alt='Guru99'])[1]</arg>
<doc>Verifies that the element identified by ``locator`` is visible.</doc>
<status status="PASS" start="2024-12-22T10:52:08.492436" elapsed="0.184857"/>
</kw>
<kw name="Element Should Be Visible" owner="SeleniumLibrary">
<msg time="2024-12-22T10:52:08.759672" level="INFO">Element '//a[@href='/' and text()='Home']' is displayed.</msg>
<arg>//a[@href='/' and text()='Home']</arg>
<doc>Verifies that the element identified by ``locator`` is visible.</doc>
<status status="PASS" start="2024-12-22T10:52:08.677293" elapsed="0.082379"/>
</kw>
<status status="PASS" start="2024-12-22T10:52:08.489086" elapsed="0.270586"/>
</test>
<test id="s1-s1-t3" name="Case3. Navigate to JUnit" line="24">
<kw name="Element Should Be Visible" owner="SeleniumLibrary">
<msg time="2024-12-22T10:52:08.837603" level="INFO">Element '//a[@href='/software-testing.html']' is displayed.</msg>
<arg>//a[@href='/software-testing.html']</arg>
<doc>Verifies that the element identified by ``locator`` is visible.</doc>
<status status="PASS" start="2024-12-22T10:52:08.767674" elapsed="0.069929"/>
</kw>
<kw name="Click Element" owner="SeleniumLibrary">
<msg time="2024-12-22T10:52:08.845625" level="INFO">Clicking element '//a[@href='/software-testing.html']'.</msg>
<arg>//a[@href='/software-testing.html']</arg>
<doc>Click the element identified by ``locator``.</doc>
<status status="PASS" start="2024-12-22T10:52:08.845625" elapsed="0.308576"/>
</kw>
<kw name="Sleep" owner="BuiltIn">
<msg time="2024-12-22T10:52:14.163468" level="INFO">Slept 5 seconds.</msg>
<arg>5s</arg>
<doc>Pauses the test executed for the given time.</doc>
<status status="PASS" start="2024-12-22T10:52:09.162210" elapsed="5.001258"/>
</kw>
<kw name="Element Should Be Visible" owner="SeleniumLibrary">
<msg time="2024-12-22T10:52:14.287719" level="INFO">Element '//ul[@class='sub-menu clicked']//a[text()='JUnit' and @href='/junit-tutorial.html']' is displayed.</msg>
<arg>//ul[@class='sub-menu clicked']//a[text()='JUnit' and @href='/junit-tutorial.html']</arg>
<doc>Verifies that the element identified by ``locator`` is visible.</doc>
<status status="PASS" start="2024-12-22T10:52:14.163468" elapsed="0.124251"/>
</kw>
<kw name="Click Element" owner="SeleniumLibrary">
<msg time="2024-12-22T10:52:14.295726" level="INFO">Clicking element '//ul[@class='sub-menu clicked']//a[text()='JUnit' and @href='/junit-tutorial.html']'.</msg>
<arg>//ul[@class='sub-menu clicked']//a[text()='JUnit' and @href='/junit-tutorial.html']</arg>
<doc>Click the element identified by ``locator``.</doc>
<status status="PASS" start="2024-12-22T10:52:14.295726" elapsed="1.418408"/>
</kw>
<kw name="Sleep" owner="BuiltIn">
<msg time="2024-12-22T10:52:20.714529" level="INFO">Slept 5 seconds.</msg>
<arg>5s</arg>
<doc>Pauses the test executed for the given time.</doc>
<status status="PASS" start="2024-12-22T10:52:15.714134" elapsed="5.000395"/>
</kw>
<kw name="Log To Console" owner="BuiltIn">
<arg>Navigated to JUnit Successfully</arg>
<doc>Logs the given message to the console.</doc>
<status status="PASS" start="2024-12-22T10:52:20.714529" elapsed="0.000000"/>
</kw>
<status status="PASS" start="2024-12-22T10:52:08.767674" elapsed="11.946855"/>
</test>
<test id="s1-s1-t4" name="Case4. Verify Page entry Title Text" line="34">
<kw name="Element Should Be Visible" owner="SeleniumLibrary">
<msg time="2024-12-22T10:52:20.784637" level="INFO">Element '//*[@id="post-862"]//h1' is displayed.</msg>
<arg>//*[@id="post-862"]//h1</arg>
<doc>Verifies that the element identified by ``locator`` is visible.</doc>
<status status="PASS" start="2024-12-22T10:52:20.722159" elapsed="0.062478"/>
</kw>
<kw name="Get Text" owner="SeleniumLibrary">
<msg time="2024-12-22T10:52:20.912065" level="INFO">${enteryTitle} = JUnit Tutorial for Beginners: Learn in 3 Days</msg>
<var>${enteryTitle}</var>
<arg>//*[@id="post-862"]//h1</arg>
<doc>Returns the text value of the element identified by ``locator``.</doc>
<status status="PASS" start="2024-12-22T10:52:20.784637" elapsed="0.127428"/>
</kw>
<kw name="Log To Console" owner="BuiltIn">
<arg>${enteryTitle}</arg>
<doc>Logs the given message to the console.</doc>
<status status="PASS" start="2024-12-22T10:52:20.912065" elapsed="0.000000"/>
</kw>
<kw name="Element Text Should Be" owner="SeleniumLibrary">
<msg time="2024-12-22T10:52:20.920139" level="INFO">Verifying element '//*[@id="post-862"]//h1' contains exact text 'JUnit Tutorial for Beginners: Learn in 3 Days'.</msg>
<arg>//*[@id="post-862"]//h1</arg>
<arg>JUnit Tutorial for Beginners: Learn in 3 Days</arg>
<doc>Verifies that element ``locator`` contains exact the text ``expected``.</doc>
<status status="PASS" start="2024-12-22T10:52:20.920139" elapsed="0.040591"/>
</kw>
<kw name="Log To Console" owner="BuiltIn">
<arg>Verify Page entry Title Text is pass</arg>
<doc>Logs the given message to the console.</doc>
<status status="PASS" start="2024-12-22T10:52:20.960730" elapsed="0.009403"/>
</kw>
<status status="PASS" start="2024-12-22T10:52:20.714529" elapsed="0.255604"/>
</test>
<status status="PASS" start="2024-12-22T10:51:46.462185" elapsed="34.507948"/>
</suite>
<status status="PASS" start="2024-12-22T10:51:46.290266" elapsed="34.690296"/>
</suite>
<statistics>
<total>
<stat pass="4" fail="0" skip="0">All Tests</stat>
</total>
<tag>
</tag>
<suite>
<stat pass="4" fail="0" skip="0" id="s1" name="TestCases">TestCases</stat>
<stat pass="4" fail="0" skip="0" id="s1-s1" name="TestCases">TestCases.TestCases</stat>
</suite>
</statistics>
<errors>
</errors>
</robot>
